0 info it worked if it ends with ok
1 verbose cli [ '/usr/bin/node', '/usr/bin/npm', 'install', 'node' ]
2 info using npm@3.5.2
3 info using node@v8.10.0
4 silly loadCurrentTree Starting
5 silly install loadCurrentTree
6 silly install readLocalPackageData
7 silly fetchPackageMetaData node
8 silly fetchNamedPackageData node
9 silly mapToRegistry name node
10 silly mapToRegistry using default registry
11 silly mapToRegistry registry https://registry.npmjs.org/
12 silly mapToRegistry uri https://registry.npmjs.org/node
13 verbose request uri https://registry.npmjs.org/node
14 verbose request no auth needed
15 info attempt registry request try #1 at 11:49:04 AM
16 verbose request id 7d987354068236b4
17 verbose etag W/"589062cf965aab8d69e40b6bd006b4cb"
18 verbose lastModified Tue, 02 Mar 2021 16:31:04 GMT
19 http request GET https://registry.npmjs.org/node
20 http 200 https://registry.npmjs.org/node
21 verbose headers { date: 'Sat, 19 Jun 2021 09:49:03 GMT',
21 verbose headers   'content-type': 'application/json',
21 verbose headers   'transfer-encoding': 'chunked',
21 verbose headers   connection: 'keep-alive',
21 verbose headers   'cf-ray': '661bd85e4c6efc85-FCO',
21 verbose headers   'cache-control': 'public, max-age=300',
21 verbose headers   etag: 'W/"b922513a5096dd3d3bfc9c1dd7b447a8"',
21 verbose headers   'last-modified': 'Sat, 12 Jun 2021 03:17:07 GMT',
21 verbose headers   vary: 'accept-encoding, accept',
21 verbose headers   'cf-cache-status': 'REVALIDATED',
21 verbose headers   'cf-request-id': '0ac5458ee90000fc85fc8d8000000001',
21 verbose headers   'expect-ct': 'max-age=604800, report-uri="https://report-uri.cloudflare.com/cdn-cgi/beacon/expect-ct"',
21 verbose headers   server: 'cloudflare',
21 verbose headers   'content-encoding': 'gzip' }
22 silly get cb [ 200,
22 silly get   { date: 'Sat, 19 Jun 2021 09:49:03 GMT',
22 silly get     'content-type': 'application/json',
22 silly get     'transfer-encoding': 'chunked',
22 silly get     connection: 'keep-alive',
22 silly get     'cf-ray': '661bd85e4c6efc85-FCO',
22 silly get     'cache-control': 'public, max-age=300',
22 silly get     etag: 'W/"b922513a5096dd3d3bfc9c1dd7b447a8"',
22 silly get     'last-modified': 'Sat, 12 Jun 2021 03:17:07 GMT',
22 silly get     vary: 'accept-encoding, accept',
22 silly get     'cf-cache-status': 'REVALIDATED',
22 silly get     'cf-request-id': '0ac5458ee90000fc85fc8d8000000001',
22 silly get     'expect-ct': 'max-age=604800, report-uri="https://report-uri.cloudflare.com/cdn-cgi/beacon/expect-ct"',
22 silly get     server: 'cloudflare',
22 silly get     'content-encoding': 'gzip' } ]
23 verbose get saving node to /home/alberto/.npm/registry.npmjs.org/node/.cache.json
24 silly install normalizeTree
25 silly loadCurrentTree Finishing
26 silly loadIdealTree Starting
27 silly install loadIdealTree
28 silly cloneCurrentTree Starting
29 silly install cloneCurrentTreeToIdealTree
30 silly cloneCurrentTree Finishing
31 silly loadShrinkwrap Starting
32 silly install loadShrinkwrap
33 silly loadShrinkwrap Finishing
34 silly loadAllDepsIntoIdealTree Starting
35 silly install loadAllDepsIntoIdealTree
36 silly resolveWithNewModule node@16.3.0 checking installable status
37 silly cache add args [ 'node', null ]
38 verbose cache add spec node
39 silly cache add parsed spec Result {
39 silly cache add   raw: 'node',
39 silly cache add   scope: null,
39 silly cache add   name: 'node',
39 silly cache add   rawSpec: '',
39 silly cache add   spec: 'latest',
39 silly cache add   type: 'tag' }
40 silly addNamed node@latest
41 verbose addNamed "latest" is being treated as a dist-tag for node
42 info addNameTag [ 'node', 'latest' ]
43 silly mapToRegistry name node
44 silly mapToRegistry using default registry
45 silly mapToRegistry registry https://registry.npmjs.org/
46 silly mapToRegistry uri https://registry.npmjs.org/node
47 verbose addNameTag registry:https://registry.npmjs.org/node not in flight; fetching
48 verbose get https://registry.npmjs.org/node not expired, no request
49 silly addNameTag next cb for node with tag latest
50 silly addNamed node@16.3.0
51 verbose addNamed "16.3.0" is a plain semver version for node
52 silly mapToRegistry name node
53 silly mapToRegistry using default registry
54 silly mapToRegistry registry https://registry.npmjs.org/
55 silly mapToRegistry uri https://registry.npmjs.org/node
56 verbose addRemoteTarball https://registry.npmjs.org/node/-/node-16.3.0.tgz not in flight; adding
57 verbose addRemoteTarball [ 'https://registry.npmjs.org/node/-/node-16.3.0.tgz',
57 verbose addRemoteTarball   '87f2cf826936634faf91407f40dfaa44cf2389f2' ]
58 info retry fetch attempt 1 at 11:49:05 AM
59 info attempt registry request try #1 at 11:49:05 AM
60 http fetch GET https://registry.npmjs.org/node/-/node-16.3.0.tgz
61 http fetch 200 https://registry.npmjs.org/node/-/node-16.3.0.tgz
62 silly fetchAndShaCheck shasum 87f2cf826936634faf91407f40dfaa44cf2389f2
63 verbose addTmpTarball /tmp/npm-1215-3d4ba840/registry.npmjs.org/node/-/node-16.3.0.tgz not in flight; adding
64 verbose addTmpTarball already have metadata; skipping unpack for node@16.3.0
65 silly cache afterAdd node@16.3.0
66 verbose afterAdd /home/alberto/.npm/node/16.3.0/package/package.json not in flight; writing
67 verbose afterAdd /home/alberto/.npm/node/16.3.0/package/package.json written
68 silly fetchNamedPackageData node-bin-setup
69 silly mapToRegistry name node-bin-setup
70 silly mapToRegistry using default registry
71 silly mapToRegistry registry https://registry.npmjs.org/
72 silly mapToRegistry uri https://registry.npmjs.org/node-bin-setup
73 verbose request uri https://registry.npmjs.org/node-bin-setup
74 verbose request no auth needed
75 info attempt registry request try #1 at 11:49:06 AM
76 verbose etag W/"696d6ec470fda56a33885508a280edab"
77 verbose lastModified Sun, 27 May 2018 09:55:03 GMT
78 http request GET https://registry.npmjs.org/node-bin-setup
79 http 304 https://registry.npmjs.org/node-bin-setup
80 verbose headers { date: 'Sat, 19 Jun 2021 09:49:05 GMT',
80 verbose headers   connection: 'keep-alive',
80 verbose headers   'cf-ray': '661bd8698951fc85-FCO',
80 verbose headers   'cache-control': 'public, max-age=300',
80 verbose headers   etag: '"696d6ec470fda56a33885508a280edab"',
80 verbose headers   'last-modified': 'Sun, 27 May 2018 09:55:03 GMT',
80 verbose headers   vary: 'Accept-Encoding',
80 verbose headers   'cf-cache-status': 'MISS',
80 verbose headers   'cf-request-id': '0ac54595f40000fc85cd9ea000000001',
80 verbose headers   'expect-ct': 'max-age=604800, report-uri="https://report-uri.cloudflare.com/cdn-cgi/beacon/expect-ct"',
80 verbose headers   server: 'cloudflare' }
81 silly get cb [ 304,
81 silly get   { date: 'Sat, 19 Jun 2021 09:49:05 GMT',
81 silly get     connection: 'keep-alive',
81 silly get     'cf-ray': '661bd8698951fc85-FCO',
81 silly get     'cache-control': 'public, max-age=300',
81 silly get     etag: '"696d6ec470fda56a33885508a280edab"',
81 silly get     'last-modified': 'Sun, 27 May 2018 09:55:03 GMT',
81 silly get     vary: 'Accept-Encoding',
81 silly get     'cf-cache-status': 'MISS',
81 silly get     'cf-request-id': '0ac54595f40000fc85cd9ea000000001',
81 silly get     'expect-ct': 'max-age=604800, report-uri="https://report-uri.cloudflare.com/cdn-cgi/beacon/expect-ct"',
81 silly get     server: 'cloudflare' } ]
82 verbose etag https://registry.npmjs.org/node-bin-setup from cache
83 verbose get saving node-bin-setup to /home/alberto/.npm/registry.npmjs.org/node-bin-setup/.cache.json
84 silly resolveWithNewModule node-bin-setup@1.0.6 checking installable status
85 silly cache add args [ 'node-bin-setup@^1.0.0', null ]
86 verbose cache add spec node-bin-setup@^1.0.0
87 silly cache add parsed spec Result {
87 silly cache add   raw: 'node-bin-setup@^1.0.0',
87 silly cache add   scope: null,
87 silly cache add   name: 'node-bin-setup',
87 silly cache add   rawSpec: '^1.0.0',
87 silly cache add   spec: '>=1.0.0 <2.0.0',
87 silly cache add   type: 'range' }
88 silly addNamed node-bin-setup@>=1.0.0 <2.0.0
89 verbose addNamed ">=1.0.0 <2.0.0" is a valid semver range for node-bin-setup
90 silly addNameRange { name: 'node-bin-setup',
90 silly addNameRange   range: '>=1.0.0 <2.0.0',
90 silly addNameRange   hasData: false }
91 silly mapToRegistry name node-bin-setup
92 silly mapToRegistry using default registry
93 silly mapToRegistry registry https://registry.npmjs.org/
94 silly mapToRegistry uri https://registry.npmjs.org/node-bin-setup
95 verbose addNameRange registry:https://registry.npmjs.org/node-bin-setup not in flight; fetching
96 verbose get https://registry.npmjs.org/node-bin-setup not expired, no request
97 silly addNameRange number 2 { name: 'node-bin-setup',
97 silly addNameRange   range: '>=1.0.0 <2.0.0',
97 silly addNameRange   hasData: true }
98 silly addNameRange versions [ 'node-bin-setup',
98 silly addNameRange   [ '1.0.0', '1.0.1', '1.0.2', '1.0.3', '1.0.4', '1.0.6' ] ]
99 silly addNamed node-bin-setup@1.0.6
100 verbose addNamed "1.0.6" is a plain semver version for node-bin-setup
101 silly cache afterAdd node-bin-setup@1.0.6
102 verbose afterAdd /home/alberto/.npm/node-bin-setup/1.0.6/package/package.json not in flight; writing
103 verbose afterAdd /home/alberto/.npm/node-bin-setup/1.0.6/package/package.json written
104 silly fetchNamedPackageData fsevents
105 silly mapToRegistry name fsevents
106 silly mapToRegistry using default registry
107 silly mapToRegistry registry https://registry.npmjs.org/
108 silly mapToRegistry uri https://registry.npmjs.org/fsevents
109 verbose request uri https://registry.npmjs.org/fsevents
110 verbose request no auth needed
111 info attempt registry request try #1 at 11:49:07 AM
112 verbose etag W/"897b89cb36d39b1e4f3706e4aaceba9b"
113 verbose lastModified Fri, 05 Feb 2021 14:46:37 GMT
114 http request GET https://registry.npmjs.org/fsevents
115 http 304 https://registry.npmjs.org/fsevents
116 verbose headers { date: 'Sat, 19 Jun 2021 09:49:05 GMT',
116 verbose headers   connection: 'keep-alive',
116 verbose headers   'cf-ray': '661bd86eeb53fc85-FCO',
116 verbose headers   age: '3603',
116 verbose headers   'cache-control': 'public, max-age=300',
116 verbose headers   etag: '"897b89cb36d39b1e4f3706e4aaceba9b"',
116 verbose headers   'last-modified': 'Fri, 05 Feb 2021 14:46:37 GMT',
116 verbose headers   vary: 'Accept-Encoding',
116 verbose headers   'cf-cache-status': 'HIT',
116 verbose headers   'cf-request-id': '0ac54599540000fc85e4346000000001',
116 verbose headers   'expect-ct': 'max-age=604800, report-uri="https://report-uri.cloudflare.com/cdn-cgi/beacon/expect-ct"',
116 verbose headers   server: 'cloudflare' }
117 silly get cb [ 304,
117 silly get   { date: 'Sat, 19 Jun 2021 09:49:05 GMT',
117 silly get     connection: 'keep-alive',
117 silly get     'cf-ray': '661bd86eeb53fc85-FCO',
117 silly get     age: '3603',
117 silly get     'cache-control': 'public, max-age=300',
117 silly get     etag: '"897b89cb36d39b1e4f3706e4aaceba9b"',
117 silly get     'last-modified': 'Fri, 05 Feb 2021 14:46:37 GMT',
117 silly get     vary: 'Accept-Encoding',
117 silly get     'cf-cache-status': 'HIT',
117 silly get     'cf-request-id': '0ac54599540000fc85e4346000000001',
117 silly get     'expect-ct': 'max-age=604800, report-uri="https://report-uri.cloudflare.com/cdn-cgi/beacon/expect-ct"',
117 silly get     server: 'cloudflare' } ]
118 verbose etag https://registry.npmjs.org/fsevents from cache
119 verbose get saving fsevents to /home/alberto/.npm/registry.npmjs.org/fsevents/.cache.json
120 silly resolveWithNewModule fsevents@2.3.2 checking installable status
121 silly loadAllDepsIntoIdealTree Finishing
122 silly idealTree:prePrune final-project-coco-team@1.0.0
122 silly idealTree:prePrune ├── node-bin-setup@1.0.6
122 silly idealTree:prePrune ├── node@16.3.0
122 silly idealTree:prePrune ├── rollup@2.52.1
122 silly idealTree:prePrune └── three@0.129.0
123 silly loadIdealTree Finishing
124 silly currentTree final-project-coco-team@1.0.0
124 silly currentTree ├── rollup@2.52.1
124 silly currentTree └── three@0.129.0
125 silly idealTree final-project-coco-team@1.0.0
125 silly idealTree ├── node-bin-setup@1.0.6
125 silly idealTree ├── node@16.3.0
125 silly idealTree ├── rollup@2.52.1
125 silly idealTree └── three@0.129.0
126 silly generateActionsToTake Starting
127 silly install generateActionsToTake
128 silly generateActionsToTake Finishing
129 silly diffTrees action count 3
130 silly diffTrees add node-bin-setup@1.0.6
131 silly diffTrees add node@16.3.0
132 silly diffTrees update rollup@2.52.1
133 silly decomposeActions action count 24
134 silly decomposeActions fetch node-bin-setup@1.0.6
135 silly decomposeActions extract node-bin-setup@1.0.6
136 silly decomposeActions test node-bin-setup@1.0.6
137 silly decomposeActions preinstall node-bin-setup@1.0.6
138 silly decomposeActions build node-bin-setup@1.0.6
139 silly decomposeActions install node-bin-setup@1.0.6
140 silly decomposeActions postinstall node-bin-setup@1.0.6
141 silly decomposeActions finalize node-bin-setup@1.0.6
142 silly decomposeActions fetch node@16.3.0
143 silly decomposeActions extract node@16.3.0
144 silly decomposeActions test node@16.3.0
145 silly decomposeActions preinstall node@16.3.0
146 silly decomposeActions build node@16.3.0
147 silly decomposeActions install node@16.3.0
148 silly decomposeActions postinstall node@16.3.0
149 silly decomposeActions finalize node@16.3.0
150 silly decomposeActions fetch rollup@2.52.1
151 silly decomposeActions extract rollup@2.52.1
152 silly decomposeActions test rollup@2.52.1
153 silly decomposeActions preinstall rollup@2.52.1
154 silly decomposeActions build rollup@2.52.1
155 silly decomposeActions install rollup@2.52.1
156 silly decomposeActions postinstall rollup@2.52.1
157 silly decomposeActions finalize rollup@2.52.1
158 silly executeActions Starting
159 silly install executeActions
160 silly doSerial global-install 0
161 silly doParallel fetch 3
162 verbose lock using /home/alberto/.npm/_locks/staging-a782cd64efa01419.lock for /mnt/c/Users/acolu/OneDrive/Desktop/Progetto Schaerf/final-project-coco-team/node_modules/.staging
163 silly doParallel extract 3
164 silly extract node-bin-setup@1.0.6
165 silly extract node@16.3.0
166 silly extract rollup@2.52.1
167 verbose unbuild node_modules/.staging/node-bin-setup-a0f3e33a
168 silly gentlyRm /mnt/c/Users/acolu/OneDrive/Desktop/Progetto Schaerf/final-project-coco-team/node_modules/.staging/node-bin-setup-a0f3e33a is being purged from base /mnt/c/Users/acolu/OneDrive/Desktop/Progetto Schaerf/final-project-coco-team
169 verbose gentlyRm don't care about contents; nuking /mnt/c/Users/acolu/OneDrive/Desktop/Progetto Schaerf/final-project-coco-team/node_modules/.staging/node-bin-setup-a0f3e33a
170 verbose unbuild node_modules/.staging/node-a251de73
171 verbose tar unpack /home/alberto/.npm/node-bin-setup/1.0.6/package.tgz
172 verbose tar unpacking to /mnt/c/Users/acolu/OneDrive/Desktop/Progetto Schaerf/final-project-coco-team/node_modules/.staging/node-bin-setup-a0f3e33a
173 silly gentlyRm /mnt/c/Users/acolu/OneDrive/Desktop/Progetto Schaerf/final-project-coco-team/node_modules/.staging/node-bin-setup-a0f3e33a is being purged
174 verbose gentlyRm don't care about contents; nuking /mnt/c/Users/acolu/OneDrive/Desktop/Progetto Schaerf/final-project-coco-team/node_modules/.staging/node-bin-setup-a0f3e33a
175 verbose unbuild node_modules/.staging/rollup-94697c1b
176 silly gunzTarPerm modes [ '755', '644' ]
177 silly gentlyRm /mnt/c/Users/acolu/OneDrive/Desktop/Progetto Schaerf/final-project-coco-team/node_modules/.staging/node-a251de73 is being purged from base /mnt/c/Users/acolu/OneDrive/Desktop/Progetto Schaerf/final-project-coco-team
178 verbose gentlyRm don't care about contents; nuking /mnt/c/Users/acolu/OneDrive/Desktop/Progetto Schaerf/final-project-coco-team/node_modules/.staging/node-a251de73
179 silly gentlyRm /mnt/c/Users/acolu/OneDrive/Desktop/Progetto Schaerf/final-project-coco-team/node_modules/.staging/rollup-94697c1b is being purged from base /mnt/c/Users/acolu/OneDrive/Desktop/Progetto Schaerf/final-project-coco-team
180 verbose gentlyRm don't care about contents; nuking /mnt/c/Users/acolu/OneDrive/Desktop/Progetto Schaerf/final-project-coco-team/node_modules/.staging/rollup-94697c1b
181 verbose tar unpack /home/alberto/.npm/node/16.3.0/package.tgz
182 verbose tar unpacking to /mnt/c/Users/acolu/OneDrive/Desktop/Progetto Schaerf/final-project-coco-team/node_modules/.staging/node-a251de73
183 silly gentlyRm /mnt/c/Users/acolu/OneDrive/Desktop/Progetto Schaerf/final-project-coco-team/node_modules/.staging/node-a251de73 is being purged
184 verbose gentlyRm don't care about contents; nuking /mnt/c/Users/acolu/OneDrive/Desktop/Progetto Schaerf/final-project-coco-team/node_modules/.staging/node-a251de73
185 verbose tar unpack /home/alberto/.npm/rollup/2.52.1/package.tgz
186 verbose tar unpacking to /mnt/c/Users/acolu/OneDrive/Desktop/Progetto Schaerf/final-project-coco-team/node_modules/.staging/rollup-94697c1b
187 silly gentlyRm /mnt/c/Users/acolu/OneDrive/Desktop/Progetto Schaerf/final-project-coco-team/node_modules/.staging/rollup-94697c1b is being purged
188 verbose gentlyRm don't care about contents; nuking /mnt/c/Users/acolu/OneDrive/Desktop/Progetto Schaerf/final-project-coco-team/node_modules/.staging/rollup-94697c1b
189 silly gunzTarPerm modes [ '755', '644' ]
190 silly gunzTarPerm modes [ '755', '644' ]
191 silly gunzTarPerm extractEntry package.json
192 silly gunzTarPerm extractEntry installArchSpecificPackage.js
193 silly gunzTarPerm extractEntry dist/bin/rollup
194 silly gunzTarPerm extractEntry index.js
195 silly gunzTarPerm extractEntry package.json
196 silly gunzTarPerm extractEntry README.md
197 silly gunzTarPerm extractEntry dist/shared/index.js
198 silly gentlyRm /mnt/c/Users/acolu/OneDrive/Desktop/Progetto Schaerf/final-project-coco-team/node_modules/.staging/node-bin-setup-a0f3e33a/node_modules is being purged
199 verbose gentlyRm don't care about contents; nuking /mnt/c/Users/acolu/OneDrive/Desktop/Progetto Schaerf/final-project-coco-team/node_modules/.staging/node-bin-setup-a0f3e33a/node_modules
200 silly gunzTarPerm extractEntry dist/loadConfigFile.js
201 silly gunzTarPerm extractEntry dist/shared/loadConfigFile.js
202 silly gunzTarPerm extractEntry dist/shared/mergeOptions.js
203 silly gunzTarPerm extractEntry dist/es/rollup.browser.js
204 silly gunzTarPerm extractEntry dist/rollup.browser.js
205 silly gentlyRm /mnt/c/Users/acolu/OneDrive/Desktop/Progetto Schaerf/final-project-coco-team/node_modules/.staging/node-a251de73/node_modules is being purged
206 verbose gentlyRm don't care about contents; nuking /mnt/c/Users/acolu/OneDrive/Desktop/Progetto Schaerf/final-project-coco-team/node_modules/.staging/node-a251de73/node_modules
207 silly gunzTarPerm extractEntry dist/es/rollup.js
208 silly gunzTarPerm extractEntry dist/es/shared/rollup.js
209 silly gunzTarPerm extractEntry dist/rollup.js
210 silly gunzTarPerm extractEntry dist/shared/rollup.js
211 silly gunzTarPerm extractEntry dist/shared/watch-cli.js
212 silly gunzTarPerm extractEntry dist/es/shared/watch.js
213 silly gunzTarPerm extractEntry dist/shared/watch.js
214 silly gunzTarPerm extractEntry dist/es/package.json
215 silly gunzTarPerm extractEntry package.json
216 silly gunzTarPerm extractEntry dist/rollup.browser.js.map
217 silly gunzTarPerm extractEntry CHANGELOG.md
218 silly gunzTarPerm extractEntry LICENSE.md
219 silly gunzTarPerm extractEntry README.md
220 silly gunzTarPerm extractEntry dist/rollup.d.ts
221 silly gentlyRm /mnt/c/Users/acolu/OneDrive/Desktop/Progetto Schaerf/final-project-coco-team/node_modules/.staging/rollup-94697c1b/node_modules is being purged
222 verbose gentlyRm don't care about contents; nuking /mnt/c/Users/acolu/OneDrive/Desktop/Progetto Schaerf/final-project-coco-team/node_modules/.staging/rollup-94697c1b/node_modules
223 silly doParallel preinstall 3
224 silly preinstall node-bin-setup@1.0.6 /mnt/c/Users/acolu/OneDrive/Desktop/Progetto Schaerf/final-project-coco-team/node_modules/.staging/node-bin-setup-a0f3e33a
225 info lifecycle node-bin-setup@1.0.6~preinstall: node-bin-setup@1.0.6
226 silly preinstall node@16.3.0 /mnt/c/Users/acolu/OneDrive/Desktop/Progetto Schaerf/final-project-coco-team/node_modules/.staging/node-a251de73
227 info lifecycle node@16.3.0~preinstall: node@16.3.0
228 silly preinstall rollup@2.52.1 /mnt/c/Users/acolu/OneDrive/Desktop/Progetto Schaerf/final-project-coco-team/node_modules/.staging/rollup-94697c1b
229 info lifecycle rollup@2.52.1~preinstall: rollup@2.52.1
230 silly lifecycle node-bin-setup@1.0.6~preinstall: no script for preinstall, continuing
231 verbose lifecycle node@16.3.0~preinstall: unsafe-perm in lifecycle true
232 verbose lifecycle node@16.3.0~preinstall: PATH: /usr/share/npm/bin/node-gyp-bin:/mnt/c/Users/acolu/OneDrive/Desktop/Progetto Schaerf/final-project-coco-team/node_modules/.staging/node-a251de73/node_modules/.bin:/mnt/c/Users/acolu/OneDrive/Desktop/Progetto Schaerf/final-project-coco-team/node_modules/.bin:/usr/local/sbin:/usr/local/bin:/usr/sbin:/usr/bin:/sbin:/bin:/usr/games:/usr/local/games:/mnt/c/Program Files (x86)/Common Files/Intel/Shared Libraries/redist/intel64_win/compiler:/mnt/c/Program Files/NVIDIA GPU Computing Toolkit/CUDA/v10.2/bin:/mnt/c/Program Files/NVIDIA GPU Computing Toolkit/CUDA/v10.2/libnvvp:/mnt/c/Program Files (x86)/Common Files/Oracle/Java/javapath:/mnt/c/Program Files/Broadcom/Broadcom 802.11 Network Adapter:/mnt/c/WINDOWS/system32:/mnt/c/WINDOWS:/mnt/c/WINDOWS/System32/Wbem:/mnt/c/WINDOWS/System32/WindowsPowerShell/v1.0/:/mnt/c/WINDOWS/System32/OpenSSH/:/mnt/c/Program Files/LLVM/bin:/mnt/c/Program Files/NVIDIA Corporation/NVIDIA NvDLISR:/mnt/c/Program Files (x86)/NVIDIA Corporation/PhysX/Common:/mnt/c/Program Files (x86)/WinMerge:/mnt/c/Program Files/PuTTY/:/mnt/c/Program Files/NVIDIA Corporation/Nsight Compute 2019.5.0/:/mnt/c/Users/acolu/AppData/Local/Programs/Python/Python36/Scripts/:/mnt/c/Users/acolu/AppData/Local/Programs/Python/Python36/:/mnt/c/Users/acolu/AppData/Local/Microsoft/WindowsApps:/mnt/c/Users/acolu/AppData/Local/atom/bin:/mnt/c/adb:/mnt/c/WINDOWS/system32:/mnt/c/WINDOWS:/mnt/c/WINDOWS/System32/Wbem:/mnt/c/WINDOWS/System32/WindowsPowerShell/v1.0/:/mnt/c/WINDOWS/System32/OpenSSH/:/mnt/c/Program Files/dotnet/:/mnt/c/Android:/mnt/c/Windows/System32:/mnt/c/Program Files/Git/cmd:/mnt/c/Users/acolu/AppData/Local/Programs/Python/Python36/Scripts/:/mnt/c/Users/acolu/AppData/Local/Programs/Python/Python36/:/mnt/c/Users/acolu/AppData/Local/Microsoft/WindowsApps:/mnt/c/Users/acolu/AppData/Local/atom/bin:/mnt/c/Users/acolu/AppData/Local/Microsoft/WindowsApps:/mnt/c/Users/acolu/AppData/Local/Programs/MiKTeX/miktex/bin/x64/:/mnt/c/AppServ/Apache2.2/bin:/mnt/c/AppServ/php5:/mnt/c/AppServ/MySQL/bin
233 verbose lifecycle node@16.3.0~preinstall: CWD: /mnt/c/Users/acolu/OneDrive/Desktop/Progetto Schaerf/final-project-coco-team/node_modules/.staging/node-a251de73
234 silly lifecycle node@16.3.0~preinstall: Args: [ '-c', 'node installArchSpecificPackage' ]
235 silly lifecycle rollup@2.52.1~preinstall: no script for preinstall, continuing
236 silly lifecycle node@16.3.0~preinstall: Returned: code: 1  signal: null
237 info lifecycle node@16.3.0~preinstall: Failed to exec preinstall script
238 verbose unlock done using /home/alberto/.npm/_locks/staging-a782cd64efa01419.lock for /mnt/c/Users/acolu/OneDrive/Desktop/Progetto Schaerf/final-project-coco-team/node_modules/.staging
239 silly rollbackFailedOptional Starting
240 silly rollbackFailedOptional Finishing
241 silly runTopLevelLifecycles Starting
242 silly runTopLevelLifecycles Finishing
243 silly install printInstalled
244 warn optional Skipping failed optional dependency /rollup/fsevents:
245 warn notsup Not compatible with your operating system or architecture: fsevents@2.3.2
246 verbose stack Error: node@16.3.0 preinstall: `node installArchSpecificPackage`
246 verbose stack Exit status 1
246 verbose stack     at EventEmitter.<anonymous> (/usr/share/npm/lib/utils/lifecycle.js:232:16)
246 verbose stack     at emitTwo (events.js:126:13)
246 verbose stack     at EventEmitter.emit (events.js:214:7)
246 verbose stack     at ChildProcess.<anonymous> (/usr/share/npm/lib/utils/spawn.js:24:14)
246 verbose stack     at emitTwo (events.js:126:13)
246 verbose stack     at ChildProcess.emit (events.js:214:7)
246 verbose stack     at maybeClose (internal/child_process.js:925:16)
246 verbose stack     at Process.ChildProcess._handle.onexit (internal/child_process.js:209:5)
247 verbose pkgid node@16.3.0
248 verbose cwd /mnt/c/Users/acolu/OneDrive/Desktop/Progetto Schaerf/final-project-coco-team
249 error Linux 4.4.0-19041-Microsoft
250 error argv "/usr/bin/node" "/usr/bin/npm" "install" "node"
251 error node v8.10.0
252 error npm  v3.5.2
253 error code ELIFECYCLE
254 error node@16.3.0 preinstall: `node installArchSpecificPackage`
254 error Exit status 1
255 error Failed at the node@16.3.0 preinstall script 'node installArchSpecificPackage'.
255 error Make sure you have the latest version of node.js and npm installed.
255 error If you do, this is most likely a problem with the node package,
255 error not with npm itself.
255 error Tell the author that this fails on your system:
255 error     node installArchSpecificPackage
255 error You can get information on how to open an issue for this project with:
255 error     npm bugs node
255 error Or if that isn't available, you can get their info via:
255 error     npm owner ls node
255 error There is likely additional logging output above.
256 verbose exit [ 1, true ]
